\BOOKMARK [0][-]{chapter.1}{\376\377\000W\000h\000a\000t\000\040\000i\000s\000\040\000S\000C\000R\000I\000M\000P\000?}{}% 1
\BOOKMARK [1][-]{section.1.1}{\376\377\000P\000o\000r\000t\000-\000H\000a\000m\000i\000l\000t\000o\000n\000i\000a\000n\000\040\000s\000y\000s\000t\000e\000m\000s}{chapter.1}% 2
\BOOKMARK [2][-]{subsection.1.1.1}{\376\377\000W\000h\000a\000t\000\040\000a\000r\000e\000\040\000t\000h\000e\000y\000?}{section.1.1}% 3
\BOOKMARK [2][-]{subsection.1.1.2}{\376\377\000T\000h\000e\000\040\000P\000a\000r\000t\000i\000t\000i\000o\000n\000e\000d\000\040\000F\000i\000n\000i\000t\000e\000\040\000E\000l\000e\000m\000e\000n\000t\000\040\000M\000e\000t\000h\000o\000d}{section.1.1}% 4
\BOOKMARK [1][-]{section.1.2}{\376\377\000C\000o\000d\000i\000n\000g\000\040\000p\000h\000i\000l\000o\000s\000o\000p\000h\000y}{chapter.1}% 5
\BOOKMARK [0][-]{chapter.2}{\376\377\000U\000s\000e\000r\040\031\000s\000\040\000g\000u\000i\000d\000e}{}% 6
\BOOKMARK [1][-]{section.2.1}{\376\377\000H\000o\000w\000\040\000t\000o\000\040\000i\000n\000s\000t\000a\000l\000l}{chapter.2}% 7
\BOOKMARK [2][-]{subsection.2.1.1}{\376\377\000A\000n\000a\000c\000o\000n\000d\000a}{section.2.1}% 8
\BOOKMARK [2][-]{subsection.2.1.2}{\376\377\000T\000e\000s\000t\000s}{section.2.1}% 9
\BOOKMARK [2][-]{subsection.2.1.3}{\376\377\000C\000o\000d\000e\000\040\000s\000t\000r\000u\000c\000t\000u\000r\000e}{section.2.1}% 10
\BOOKMARK [2][-]{subsection.2.1.4}{\376\377\000D\000o\000c\000u\000m\000e\000n\000t\000a\000t\000i\000o\000n}{section.2.1}% 11
\BOOKMARK [1][-]{section.2.2}{\376\377\000G\000e\000t\000t\000i\000n\000g\000\040\000s\000t\000a\000r\000t\000e\000d}{chapter.2}% 12
\BOOKMARK [2][-]{subsection.2.2.1}{\376\377\000P\000o\000r\000t\000-\000H\000a\000m\000i\000l\000t\000o\000n\000i\000a\000n\000\040\000f\000r\000a\000m\000e\000w\000o\000r\000k}{section.2.2}% 13
\BOOKMARK [2][-]{subsection.2.2.2}{\376\377\000S\000t\000r\000u\000c\000t\000u\000r\000e\000-\000p\000r\000e\000s\000e\000r\000v\000i\000n\000g\000\040\000d\000i\000s\000c\000r\000e\000t\000i\000z\000a\000t\000i\000o\000n}{section.2.2}% 14
\BOOKMARK [2][-]{subsection.2.2.3}{\376\377\000S\000c\000h\000e\000m\000a\000-\000f\000i\000r\000s\000t\000\040\000w\000o\000r\000k\000f\000l\000o\000w}{section.2.2}% 15
\BOOKMARK [2][-]{subsection.2.2.4}{\376\377\000C\000o\000d\000i\000n\000g\000\040\000w\000i\000t\000h\000i\000n\000\040\000S\000C\000R\000I\000M\000P}{section.2.2}% 16
\BOOKMARK [1][-]{section.2.3}{\376\377\000E\000x\000a\000m\000p\000l\000e\000s}{chapter.2}% 17
\BOOKMARK [2][-]{subsection.2.3.1}{\376\377\000T\000h\000e\000\040\000w\000a\000v\000e\000\040\000e\000q\000u\000a\000t\000i\000o\000n}{section.2.3}% 18
\BOOKMARK [3][-]{subsubsection*.5}{\376\377\000S\000e\000t\000t\000i\000n\000g}{subsection.2.3.1}% 19
\BOOKMARK [3][-]{subsubsection*.6}{\376\377\000P\000o\000r\000t\000-\000H\000a\000m\000i\000l\000t\000o\000n\000i\000a\000n\000\040\000f\000r\000a\000m\000e\000w\000o\000r\000k}{subsection.2.3.1}% 20
\BOOKMARK [3][-]{subsubsection*.7}{\376\377\000S\000t\000r\000u\000c\000t\000u\000r\000e\000-\000p\000r\000e\000s\000e\000r\000v\000i\000n\000g\000\040\000d\000i\000s\000c\000r\000e\000t\000i\000z\000a\000t\000i\000o\000n}{subsection.2.3.1}% 21
\BOOKMARK [3][-]{subsubsection*.8}{\376\377\000S\000i\000m\000u\000l\000a\000t\000i\000o\000n}{subsection.2.3.1}% 22
\BOOKMARK [3][-]{subsubsection*.9}{\376\377\000A\000d\000d\000i\000n\000g\000\040\000D\000a\000m\000p\000i\000n\000g\000\040\000t\000o\000\040\000t\000h\000e\000\040\000d\000p\000h\000s}{subsection.2.3.1}% 23
\BOOKMARK [3][-]{subsubsection*.10}{\376\377\000A\000n\000o\000t\000h\000e\000r\000\040\000s\000i\000m\000u\000l\000a\000t\000i\000o\000n}{subsection.2.3.1}% 24
\BOOKMARK [2][-]{subsection.2.3.2}{\376\377\000T\000h\000e\000\040\000h\000e\000a\000t\000\040\000e\000q\000u\000a\000t\000i\000o\000n}{section.2.3}% 25
\BOOKMARK [3][-]{subsubsection*.11}{\376\377\000S\000e\000t\000t\000i\000n\000g}{subsection.2.3.2}% 26
\BOOKMARK [3][-]{subsubsection*.12}{\376\377\000P\000o\000r\000t\000-\000H\000a\000m\000i\000l\000t\000o\000n\000i\000a\000n\000\040\000f\000r\000a\000m\000e\000w\000o\000r\000k}{subsection.2.3.2}% 27
\BOOKMARK [3][-]{subsubsection*.13}{\376\377\000S\000t\000r\000u\000c\000t\000u\000r\000e\000-\000p\000r\000e\000s\000e\000r\000v\000i\000n\000g\000\040\000d\000i\000s\000c\000r\000e\000t\000i\000z\000a\000t\000i\000o\000n}{subsection.2.3.2}% 28
\BOOKMARK [3][-]{subsubsection*.14}{\376\377\000S\000i\000m\000u\000l\000a\000t\000i\000o\000n}{subsection.2.3.2}% 29
\BOOKMARK [2][-]{subsection.2.3.3}{\376\377\000A\000n\000o\000t\000h\000e\000r\000\040\000w\000a\000v\000e\000\040\000e\000q\000u\000a\000t\000i\000o\000n}{section.2.3}% 30
\BOOKMARK [3][-]{subsubsection*.15}{\376\377\000S\000e\000t\000t\000i\000n\000g}{subsection.2.3.3}% 31
\BOOKMARK [3][-]{subsubsection*.16}{\376\377\000S\000u\000b\000s\000t\000i\000t\000u\000t\000i\000o\000n\000s}{subsection.2.3.3}% 32
\BOOKMARK [3][-]{subsubsection*.17}{\376\377\000S\000i\000m\000u\000l\000a\000t\000i\000o\000n}{subsection.2.3.3}% 33
\BOOKMARK [2][-]{subsection.2.3.4}{\376\377\000H\000e\000a\000t\000\040\000w\000a\000v\000e\000\040\000c\000o\000u\000p\000l\000i\000n\000g}{section.2.3}% 34
\BOOKMARK [3][-]{subsubsection*.18}{\376\377\000S\000e\000t\000t\000i\000n\000g}{subsection.2.3.4}% 35
\BOOKMARK [3][-]{subsubsection*.19}{\376\377\000P\000o\000r\000t\000-\000H\000a\000m\000i\000l\000t\000o\000n\000i\000a\000n\000\040\000f\000r\000a\000m\000e\000w\000o\000r\000k}{subsection.2.3.4}% 36
\BOOKMARK [3][-]{subsubsection*.20}{\376\377\000S\000t\000r\000u\000c\000t\000u\000r\000e\000-\000p\000r\000e\000s\000e\000r\000v\000i\000n\000g\000\040\000d\000i\000s\000c\000r\000e\000t\000i\000z\000a\000t\000i\000o\000n}{subsection.2.3.4}% 37
\BOOKMARK [3][-]{subsubsection*.21}{\376\377\000S\000i\000m\000u\000l\000a\000t\000i\000o\000n}{subsection.2.3.4}% 38
\BOOKMARK [2][-]{subsection.2.3.5}{\376\377\000T\000h\000e\000\040\000s\000h\000a\000l\000l\000o\000w\000\040\000w\000a\000t\000e\000r\000\040\000e\000q\000u\000a\000t\000i\000o\000n}{section.2.3}% 39
\BOOKMARK [3][-]{subsubsection*.22}{\376\377\000S\000e\000t\000t\000i\000n\000g}{subsection.2.3.5}% 40
\BOOKMARK [3][-]{subsubsection*.23}{\376\377\000P\000o\000r\000t\000-\000H\000a\000m\000i\000l\000t\000o\000n\000i\000a\000n\000\040\000f\000r\000a\000m\000e\000w\000o\000r\000k}{subsection.2.3.5}% 41
\BOOKMARK [3][-]{subsubsection*.24}{\376\377\000S\000t\000r\000u\000c\000t\000u\000r\000e\000-\000p\000r\000e\000s\000e\000r\000v\000i\000n\000g\000\040\000d\000i\000s\000c\000r\000e\000t\000i\000z\000a\000t\000i\000o\000n}{subsection.2.3.5}% 42
\BOOKMARK [3][-]{subsubsection*.25}{\376\377\000S\000i\000m\000u\000l\000a\000t\000i\000o\000n}{subsection.2.3.5}% 43
\BOOKMARK [1][-]{section.2.4}{\376\377\000N\000o\000t\000e\000b\000o\000o\000k\000s}{chapter.2}% 44
\BOOKMARK [2][-]{subsection.2.4.1}{\376\377\000I\000n\000s\000t\000a\000l\000l\000\040\000j\000u\000p\000y\000t\000e\000r}{section.2.4}% 45
\BOOKMARK [2][-]{subsection.2.4.2}{\376\377\000R\000u\000n\000\040\000j\000u\000p\000y\000t\000e\000r}{section.2.4}% 46
\BOOKMARK [1][-]{section.2.5}{\376\377\000G\000r\000a\000p\000h\000i\000c\000a\000l\000\040\000U\000s\000e\000r\000\040\000I\000n\000t\000e\000r\000f\000a\000c\000e}{chapter.2}% 47
\BOOKMARK [1][-]{section.2.6}{\376\377\000B\000i\000b\000l\000i\000o\000g\000r\000a\000p\000h\000y}{chapter.2}% 48
\BOOKMARK [2][-]{subsection.2.6.1}{\376\377\000A\000r\000t\000i\000c\000l\000e\000s}{section.2.6}% 49
\BOOKMARK [2][-]{subsection.2.6.2}{\376\377\000B\000o\000o\000k\000\040\000C\000h\000a\000p\000t\000e\000r\000s}{section.2.6}% 50
\BOOKMARK [2][-]{subsection.2.6.3}{\376\377\000P\000r\000o\000c\000e\000e\000d\000i\000n\000g\000s}{section.2.6}% 51
\BOOKMARK [1][-]{section.2.7}{\376\377\000C\000o\000d\000e\000\040\000d\000o\000c\000u\000m\000e\000n\000t\000a\000t\000i\000o\000n}{chapter.2}% 52
\BOOKMARK [2][-]{subsection.2.7.1}{\376\377\000F\000o\000l\000d\000e\000r\000s}{section.2.7}% 53
\BOOKMARK [3][-]{subsubsection*.29}{\376\377\000s\000c\000r\000i\000m\000p\000.\000e\000x\000a\000m\000p\000l\000e\000s}{subsection.2.7.1}% 54
\BOOKMARK [4][-]{paragraph*.30}{\376\377\000W\000a\000v\000e}{subsubsection*.29}% 55
\BOOKMARK [4][-]{paragraph*.31}{\376\377\000H\000e\000a\000t}{subsubsection*.29}% 56
\BOOKMARK [4][-]{paragraph*.32}{\376\377\000H\000e\000a\000t\000-\000W\000a\000v\000e\000\040\000c\000o\000u\000p\000l\000i\000n\000g}{subsubsection*.29}% 57
\BOOKMARK [4][-]{paragraph*.33}{\376\377\000S\000h\000a\000l\000l\000o\000w\000\040\000w\000a\000t\000e\000r}{subsubsection*.29}% 58
\BOOKMARK [3][-]{subsubsection*.34}{\376\377\000s\000c\000r\000i\000m\000p\000.\000u\000t\000i\000l\000s}{subsection.2.7.1}% 59
\BOOKMARK [4][-]{paragraph*.35}{\376\377\000C\000o\000n\000f\000i\000g}{subsubsection*.34}% 60
\BOOKMARK [4][-]{paragraph*.39}{\376\377\000L\000i\000n\000e\000a\000r\000\040\000a\000l\000g\000e\000b\000r\000a}{subsubsection*.34}% 61
\BOOKMARK [4][-]{paragraph*.40}{\376\377\000M\000e\000s\000h}{subsubsection*.34}% 62
\BOOKMARK [3][-]{subsubsection*.41}{\376\377\000s\000c\000r\000i\000m\000p\000.\000s\000a\000n\000d\000b\000o\000x}{subsection.2.7.1}% 63
\BOOKMARK [2][-]{subsection.2.7.2}{\376\377\000D\000i\000s\000t\000r\000i\000b\000u\000t\000e\000d\000\040\000p\000o\000r\000t\000-\000H\000a\000m\000i\000l\000t\000o\000n\000i\000a\000n\000\040\000s\000y\000s\000t\000e\000m}{section.2.7}% 64
\BOOKMARK [2][-]{subsection.2.7.3}{\376\377\000D\000o\000m\000a\000i\000n}{section.2.7}% 65
\BOOKMARK [2][-]{subsection.2.7.4}{\376\377\000H\000a\000m\000i\000l\000t\000o\000n\000i\000a\000n\000\040\000/\000\040\000T\000e\000r\000m}{section.2.7}% 66
\BOOKMARK [2][-]{subsection.2.7.5}{\376\377\000P\000o\000r\000t\000\040\000/\000\040\000P\000a\000r\000a\000m\000e\000t\000e\000r}{section.2.7}% 67
\BOOKMARK [2][-]{subsection.2.7.6}{\376\377\000S\000t\000a\000t\000e}{section.2.7}% 68
\BOOKMARK [2][-]{subsection.2.7.7}{\376\377\000C\000o\000-\000s\000t\000a\000t\000e}{section.2.7}% 69
\BOOKMARK [2][-]{subsection.2.7.8}{\376\377\000C\000o\000n\000t\000r\000o\000l}{section.2.7}% 70
\BOOKMARK [2][-]{subsection.2.7.9}{\376\377\000F\000E\000M}{section.2.7}% 71
\BOOKMARK [2][-]{subsection.2.7.10}{\376\377\000B\000r\000i\000c\000k}{section.2.7}% 72
\BOOKMARK [0][-]{chapter.3}{\376\377\000C\000r\000e\000d\000i\000t\000s}{}% 73
\BOOKMARK [1][-]{section.3.1}{\376\377\000D\000e\000v\000e\000l\000o\000p\000m\000e\000n\000t}{chapter.3}% 74
\BOOKMARK [1][-]{section.3.2}{\376\377\000F\000u\000n\000d\000i\000n\000g}{chapter.3}% 75
\BOOKMARK [1][-]{section.3.3}{\376\377\000T\000h\000i\000r\000d\000-\000p\000a\000r\000t\000y}{chapter.3}% 76
\BOOKMARK [1][-]{section.3.4}{\376\377\000H\000o\000w\000\040\000t\000o\000\040\000c\000i\000t\000e\000\040\000S\000C\000R\000I\000M\000P\000?}{chapter.3}% 77
\BOOKMARK [0][-]{section*.42}{\376\377\000P\000y\000t\000h\000o\000n\000\040\000M\000o\000d\000u\000l\000e\000\040\000I\000n\000d\000e\000x}{}% 78
\BOOKMARK [0][-]{section*.43}{\376\377\000I\000n\000d\000e\000x}{}% 79
